{
  "stats": {
    "suites": 0,
    "tests": 1,
    "passes": 1,
    "pending": 0,
    "failures": 0,
    "start": "2024-01-12T14:44:09.285Z",
    "end": "2024-01-12T14:44:13.142Z",
    "duration": 3857,
    "testsRegistered": 1,
    "passPercent": 100,
    "pendingPercent": 0,
    "other": 0,
    "hasOther": false,
    "skipped": 0,
    "hasSkipped": false
  },
  "results": [
    {
      "uuid": "a420e1a1-a5f1-403d-a005-fef8453ca992",
      "title": "",
      "fullFile": "cypress/e2e/specs/googleSearch.cy.js",
      "file": "cypress/e2e/specs/googleSearch.cy.js",
      "beforeHooks": [],
      "afterHooks": [],
      "tests": [
        {
          "title": "Navigates to google search and search for a car and then get the search number from result page",
          "fullTitle": "Navigates to google search and search for a car and then get the search number from result page",
          "timedOut": null,
          "duration": 2835,
          "state": "passed",
          "speed": "fast",
          "pass": true,
          "fail": false,
          "pending": false,
          "context": null,
          "code": "cy.visit('https://www.google.com');\ncy.xpath('//*[@name=\"q\"]', {\n  timeout: 7000\n}).type(\"BMW\");\ncy.xpath('//*[@name=\"q\"]', {\n  timeout: 7000\n}).type(\"{enter}\");\ncy.xpath('//div[@id=\"result-stats\"]', {\n  timeout: 7000\n}).then($searchResult => {\n  const text = $searchResult.text();\n  cy.log(\"Search result is \" + text);\n  const arrayResult = text.split(' ');\n  cy.log(\"Search number for BMW is \" + arrayResult[1]);\n}); //end of then",
          "err": {},
          "uuid": "bb4f6418-7456-4295-a365-717fbaf9bf42",
          "parentUUID": "a420e1a1-a5f1-403d-a005-fef8453ca992",
          "isHook": false,
          "skipped": false
        }
      ],
      "suites": [],
      "passes": [
        "bb4f6418-7456-4295-a365-717fbaf9bf42"
      ],
      "failures": [],
      "pending": [],
      "skipped": [],
      "duration": 2835,
      "root": true,
      "rootEmpty": false,
      "_timeout": 2000
    }
  ],
  "meta": {
    "mocha": {
      "version": "7.0.1"
    },
    "mochawesome": {
      "options": {
        "quiet": false,
        "reportFilename": "mochawesome",
        "saveHtml": true,
        "saveJson": true,
        "consoleReporter": "spec",
        "useInlineDiffs": false,
        "code": true
      },
      "version": "7.1.3"
    },
    "marge": {
      "options": null,
      "version": "6.2.0"
    }
  }
}